auxpama.webp
bakeoff.webp
bakon.webp
bartscher.webp
bazz.webp
bolarus.webp
brunner.webp
cebea.webp
drutec.webp
dubor.webp
e2m.webp
edhad.webp
emmedi.webp
fines.webp
firex.webp
follettt.webp
glass.webp
hagesana.webp
hartmann.webp
haton.webp
heinen.webp
hematronic.webp
hoja.webp
innova.webp
jeros.webp
kastel.webp
komza.webp
kruger.webp
krumbein.webp
langheinz.webp
lantech.webp
liebherr.webp
longoni.webp
lumitech.webp
merand.webp
mft.webp
mhs.webp
mkn.webp
moduline.webp
nbs.webp
nemox.webp
niverplast.webp
node
panem.webp
pliki.json
rheon.webp
rilling.webp
roboqbo.webp
sanomat.webp
schomaker.webp
shufflemix.webp
text.log
unifiller.webp
unimac_gherri.webp
varimixer.webp
weisse.webp
werner.webp
whirlpooll.webp
wp_haton.webp
wp_kemper.webp
wp_riehle.webp
zacmi.webp
zeppelin.webp
